# JRE version: OpenJDK Runtime Environment Temurin-17.0.9+9 (17.0.9+9) (build 17.0.9+9)
# Java VM: OpenJDK 64-Bit Server VM Temurin-17.0.9+9 (17.0.9+9, mixed mode, tiered, compressed oops, compressed class ptrs, parallel gc, windows-amd64)
GC Precious Log:
 CPUs: 8 total, 8 available
 Memory: 7957M
 Large Page Support: Disabled
 NUMA Support: Disabled
 Compressed Oops: Enabled (32-bit)
 Alignments: Space 512K, Generation 512K, Heap 2M
 Heap Min Capacity: 100M
 Heap Initial Capacity: 100M
 Heap Max Capacity: 1G
 Pre-touch: Disabled
 Parallel Workers: 8
Heap:
 PSYoungGen      total 18944K, used 9378K [0x00000000eab00000, 0x00000000ec680000, 0x0000000100000000)
  eden space 16896K, 43% used [0x00000000eab00000,0x00000000eb22fee0,0x00000000ebb80000)
  from space 2048K, 98% used [0x00000000ec000000,0x00000000ec1f8cc8,0x00000000ec200000)
  to   space 4608K, 0% used [0x00000000ebb80000,0x00000000ebb80000,0x00000000ec000000)
 ParOldGen       total 68608K, used 45637K [0x00000000c0000000, 0x00000000c4300000, 0x00000000eab00000)
  object space 68608K, 66% used [0x00000000c0000000,0x00000000c2c91668,0x00000000c4300000)
 Metaspace       used 59867K, committed 60928K, reserved 1114112K
  class space    used 6765K, committed 7232K, reserved 1048576K
GC Heap History (20 events):
Event: 23.974 GC heap before
{Heap before GC invocations=22 (full 2):
 PSYoungGen      total 24576K, used 24280K [0x00000000eab00000, 0x00000000ec580000, 0x0000000100000000)
  eden space 22016K, 100% used [0x00000000eab00000,0x00000000ec080000,0x00000000ec080000)
  from space 2560K, 88% used [0x00000000ec080000,0x00000000ec2b6240,0x00000000ec300000)
  to   space 2560K, 0% used [0x00000000ec300000,0x00000000ec300000,0x00000000ec580000)
 ParOldGen       total 68608K, used 24732K [0x00000000c0000000, 0x00000000c4300000, 0x00000000eab00000)
  object space 68608K, 36% used [0x00000000c0000000,0x00000000c18272d8,0x00000000c4300000)
 Metaspace       used 55016K, committed 56000K, reserved 1114112K
  class space    used 6020K, committed 6464K, reserved 1048576K
}
Event: 23.977 GC heap after
{Heap after GC invocations=22 (full 2):
 PSYoungGen      total 24576K, used 2464K [0x00000000eab00000, 0x00000000ec580000, 0x0000000100000000)
  eden space 22016K, 0% used [0x00000000eab00000,0x00000000eab00000,0x00000000ec080000)
  from space 2560K, 96% used [0x00000000ec300000,0x00000000ec568020,0x00000000ec580000)
  to   space 2560K, 0% used [0x00000000ec080000,0x00000000ec080000,0x00000000ec300000)
 ParOldGen       total 68608K, used 26826K [0x00000000c0000000, 0x00000000c4300000, 0x00000000eab00000)
  object space 68608K, 39% used [0x00000000c0000000,0x00000000c1a32970,0x00000000c4300000)
 Metaspace       used 55016K, committed 56000K, reserved 1114112K
  class space    used 6020K, committed 6464K, reserved 1048576K
}
Event: 24.015 GC heap before
{Heap before GC invocations=23 (full 2):
 PSYoungGen      total 24576K, used 24480K [0x00000000eab00000, 0x00000000ec580000, 0x0000000100000000)
  eden space 22016K, 100% used [0x00000000eab00000,0x00000000ec080000,0x00000000ec080000)
  from space 2560K, 96% used [0x00000000ec300000,0x00000000ec568020,0x00000000ec580000)
  to   space 2560K, 0% used [0x00000000ec080000,0x00000000ec080000,0x00000000ec300000)
 ParOldGen       total 68608K, used 26826K [0x00000000c0000000, 0x00000000c4300000, 0x00000000eab00000)
  object space 68608K, 39% used [0x00000000c0000000,0x00000000c1a32970,0x00000000c4300000)
 Metaspace       used 55051K, committed 56000K, reserved 1114112K
  class space    used 6025K, committed 6464K, reserved 1048576K
}
Event: 24.018 GC heap after
{Heap after GC invocations=23 (full 2):
 PSYoungGen      total 24576K, used 2432K [0x00000000eab00000, 0x00000000ec580000, 0x0000000100000000)
  eden space 22016K, 0% used [0x00000000eab00000,0x00000000eab00000,0x00000000ec080000)
  from space 2560K, 95% used [0x00000000ec080000,0x00000000ec2e0000,0x00000000ec300000)
  to   space 2560K, 0% used [0x00000000ec300000,0x00000000ec300000,0x00000000ec580000)
 ParOldGen       total 68608K, used 29166K [0x00000000c0000000, 0x00000000c4300000, 0x00000000eab00000)
  object space 68608K, 42% used [0x00000000c0000000,0x00000000c1c7b8a8,0x00000000c4300000)
 Metaspace       used 55051K, committed 56000K, reserved 1114112K
  class space    used 6025K, committed 6464K, reserved 1048576K
}
Event: 24.049 GC heap before
{Heap before GC invocations=24 (full 2):
 PSYoungGen      total 24576K, used 24448K [0x00000000eab00000, 0x00000000ec580000, 0x0000000100000000)
  eden space 22016K, 100% used [0x00000000eab00000,0x00000000ec080000,0x00000000ec080000)
  from space 2560K, 95% used [0x00000000ec080000,0x00000000ec2e0000,0x00000000ec300000)
  to   space 2560K, 0% used [0x00000000ec300000,0x00000000ec300000,0x00000000ec580000)
 ParOldGen       total 68608K, used 29166K [0x00000000c0000000, 0x00000000c4300000, 0x00000000eab00000)
  object space 68608K, 42% used [0x00000000c0000000,0x00000000c1c7b8a8,0x00000000c4300000)
 Metaspace       used 55051K, committed 56000K, reserved 1114112K
  class space    used 6025K, committed 6464K, reserved 1048576K
}
Event: 24.052 GC heap after
{Heap after GC invocations=24 (full 2):
 PSYoungGen      total 21504K, used 2528K [0x00000000eab00000, 0x00000000ecb80000, 0x0000000100000000)
  eden space 18944K, 0% used [0x00000000eab00000,0x00000000eab00000,0x00000000ebd80000)
  from space 2560K, 98% used [0x00000000ec300000,0x00000000ec578010,0x00000000ec580000)
  to   space 5632K, 0% used [0x00000000ebd80000,0x00000000ebd80000,0x00000000ec300000)
 ParOldGen       total 68608K, used 31534K [0x00000000c0000000, 0x00000000c4300000, 0x00000000eab00000)
  object space 68608K, 45% used [0x00000000c0000000,0x00000000c1ecb8a8,0x00000000c4300000)
 Metaspace       used 55051K, committed 56000K, reserved 1114112K
  class space    used 6025K, committed 6464K, reserved 1048576K
}
Event: 24.129 GC heap before
{Heap before GC invocations=25 (full 2):
 PSYoungGen      total 21504K, used 21472K [0x00000000eab00000, 0x00000000ecb80000, 0x0000000100000000)
  eden space 18944K, 100% used [0x00000000eab00000,0x00000000ebd80000,0x00000000ebd80000)
  from space 2560K, 98% used [0x00000000ec300000,0x00000000ec578010,0x00000000ec580000)
  to   space 5632K, 0% used [0x00000000ebd80000,0x00000000ebd80000,0x00000000ec300000)
 ParOldGen       total 68608K, used 31534K [0x00000000c0000000, 0x00000000c4300000, 0x00000000eab00000)
  object space 68608K, 45% used [0x00000000c0000000,0x00000000c1ecb8a8,0x00000000c4300000)
 Metaspace       used 55554K, committed 56512K, reserved 1114112K
  class space    used 6066K, committed 6528K, reserved 1048576K
}
Event: 24.133 GC heap after
{Heap after GC invocations=25 (full 2):
 PSYoungGen      total 21504K, used 2496K [0x00000000eab00000, 0x00000000ec480000, 0x0000000100000000)
  eden space 18944K, 0% used [0x00000000eab00000,0x00000000eab00000,0x00000000ebd80000)
  from space 2560K, 97% used [0x00000000ebd80000,0x00000000ebff0000,0x00000000ec000000)
  to   space 3584K, 0% used [0x00000000ec100000,0x00000000ec100000,0x00000000ec480000)
 ParOldGen       total 68608K, used 34102K [0x00000000c0000000, 0x00000000c4300000, 0x00000000eab00000)
  object space 68608K, 49% used [0x00000000c0000000,0x00000000c214d8b8,0x00000000c4300000)
 Metaspace       used 55554K, committed 56512K, reserved 1114112K
  class space    used 6066K, committed 6528K, reserved 1048576K
}
Event: 24.464 GC heap before
{Heap before GC invocations=26 (full 2):
 PSYoungGen      total 21504K, used 21440K [0x00000000eab00000, 0x00000000ec480000, 0x0000000100000000)
  eden space 18944K, 100% used [0x00000000eab00000,0x00000000ebd80000,0x00000000ebd80000)
  from space 2560K, 97% used [0x00000000ebd80000,0x00000000ebff0000,0x00000000ec000000)
  to   space 3584K, 0% used [0x00000000ec100000,0x00000000ec100000,0x00000000ec480000)
 ParOldGen       total 68608K, used 34102K [0x00000000c0000000, 0x00000000c4300000, 0x00000000eab00000)
  object space 68608K, 49% used [0x00000000c0000000,0x00000000c214d8b8,0x00000000c4300000)
 Metaspace       used 56329K, committed 57280K, reserved 1114112K
  class space    used 6175K, committed 6656K, reserved 1048576K
}
Event: 24.467 GC heap after
{Heap after GC invocations=26 (full 2):
 PSYoungGen      total 19456K, used 320K [0x00000000eab00000, 0x00000000ec180000, 0x0000000100000000)
  eden space 18944K, 0% used [0x00000000eab00000,0x00000000eab00000,0x00000000ebd80000)
  from space 512K, 62% used [0x00000000ec100000,0x00000000ec150000,0x00000000ec180000)
  to   space 1536K, 0% used [0x00000000ebe80000,0x00000000ebe80000,0x00000000ec000000)
 ParOldGen       total 68608K, used 36545K [0x00000000c0000000, 0x00000000c4300000, 0x00000000eab00000)
  object space 68608K, 53% used [0x00000000c0000000,0x00000000c23b0490,0x00000000c4300000)
 Metaspace       used 56329K, committed 57280K, reserved 1114112K
  class space    used 6175K, committed 6656K, reserved 1048576K
}
Event: 32.165 GC heap before
{Heap before GC invocations=27 (full 2):
 PSYoungGen      total 19456K, used 19160K [0x00000000eab00000, 0x00000000ec180000, 0x0000000100000000)
  eden space 18944K, 99% used [0x00000000eab00000,0x00000000ebd663e8,0x00000000ebd80000)
  from space 512K, 62% used [0x00000000ec100000,0x00000000ec150000,0x00000000ec180000)
  to   space 1536K, 0% used [0x00000000ebe80000,0x00000000ebe80000,0x00000000ec000000)
 ParOldGen       total 68608K, used 36545K [0x00000000c0000000, 0x00000000c4300000, 0x00000000eab00000)
  object space 68608K, 53% used [0x00000000c0000000,0x00000000c23b0490,0x00000000c4300000)
 Metaspace       used 57773K, committed 58752K, reserved 1114112K
  class space    used 6405K, committed 6848K, reserved 1048576K
}
Event: 32.168 GC heap after
{Heap after GC invocations=27 (full 2):
 PSYoungGen      total 20480K, used 1507K [0x00000000eab00000, 0x00000000ec580000, 0x0000000100000000)
  eden space 18944K, 0% used [0x00000000eab00000,0x00000000eab00000,0x00000000ebd80000)
  from space 1536K, 98% used [0x00000000ebe80000,0x00000000ebff8e58,0x00000000ec000000)
  to   space 4096K, 0% used [0x00000000ec180000,0x00000000ec180000,0x00000000ec580000)
 ParOldGen       total 68608K, used 38264K [0x00000000c0000000, 0x00000000c4300000, 0x00000000eab00000)
  object space 68608K, 55% used [0x00000000c0000000,0x00000000c255e2c0,0x00000000c4300000)
 Metaspace       used 57773K, committed 58752K, reserved 1114112K
  class space    used 6405K, committed 6848K, reserved 1048576K
}
Event: 36.364 GC heap before
{Heap before GC invocations=28 (full 2):
 PSYoungGen      total 20480K, used 18688K [0x00000000eab00000, 0x00000000ec580000, 0x0000000100000000)
  eden space 18944K, 90% used [0x00000000eab00000,0x00000000ebbc7398,0x00000000ebd80000)
  from space 1536K, 98% used [0x00000000ebe80000,0x00000000ebff8e58,0x00000000ec000000)
  to   space 4096K, 0% used [0x00000000ec180000,0x00000000ec180000,0x00000000ec580000)
 ParOldGen       total 68608K, used 38264K [0x00000000c0000000, 0x00000000c4300000, 0x00000000eab00000)
  object space 68608K, 55% used [0x00000000c0000000,0x00000000c255e2c0,0x00000000c4300000)
 Metaspace       used 58805K, committed 59776K, reserved 1114112K
  class space    used 6593K, committed 7040K, reserved 1048576K
}
Event: 36.370 GC heap after
{Heap after GC invocations=28 (full 2):
 PSYoungGen      total 22528K, used 3135K [0x00000000eab00000, 0x00000000ec500000, 0x0000000100000000)
  eden space 18944K, 0% used [0x00000000eab00000,0x00000000eab00000,0x00000000ebd80000)
  from space 3584K, 87% used [0x00000000ec180000,0x00000000ec48fdc0,0x00000000ec500000)
  to   space 3584K, 0% used [0x00000000ebe00000,0x00000000ebe00000,0x00000000ec180000)
 ParOldGen       total 68608K, used 43151K [0x00000000c0000000, 0x00000000c4300000, 0x00000000eab00000)
  object space 68608K, 62% used [0x00000000c0000000,0x00000000c2a23dd0,0x00000000c4300000)
 Metaspace       used 58805K, committed 59776K, reserved 1114112K
  class space    used 6593K, committed 7040K, reserved 1048576K
}
Event: 36.370 GC heap before
{Heap before GC invocations=29 (full 3):
 PSYoungGen      total 22528K, used 3135K [0x00000000eab00000, 0x00000000ec500000, 0x0000000100000000)
  eden space 18944K, 0% used [0x00000000eab00000,0x00000000eab00000,0x00000000ebd80000)
  from space 3584K, 87% used [0x00000000ec180000,0x00000000ec48fdc0,0x00000000ec500000)
  to   space 3584K, 0% used [0x00000000ebe00000,0x00000000ebe00000,0x00000000ec180000)
 ParOldGen       total 68608K, used 43151K [0x00000000c0000000, 0x00000000c4300000, 0x00000000eab00000)
  object space 68608K, 62% used [0x00000000c0000000,0x00000000c2a23dd0,0x00000000c4300000)
 Metaspace       used 58805K, committed 59776K, reserved 1114112K
  class space    used 6593K, committed 7040K, reserved 1048576K
}
Event: 36.492 GC heap after
{Heap after GC invocations=29 (full 3):
 PSYoungGen      total 22528K, used 0K [0x00000000eab00000, 0x00000000ec500000, 0x0000000100000000)
  eden space 18944K, 0% used [0x00000000eab00000,0x00000000eab00000,0x00000000ebd80000)
  from space 3584K, 0% used [0x00000000ec180000,0x00000000ec180000,0x00000000ec500000)
  to   space 3584K, 0% used [0x00000000ebe00000,0x00000000ebe00000,0x00000000ec180000)
 ParOldGen       total 68608K, used 43986K [0x00000000c0000000, 0x00000000c4300000, 0x00000000eab00000)
  object space 68608K, 64% used [0x00000000c0000000,0x00000000c2af4970,0x00000000c4300000)
 Metaspace       used 58805K, committed 59776K, reserved 1114112K
  class space    used 6593K, committed 7040K, reserved 1048576K
}
Event: 37.489 GC heap before
{Heap before GC invocations=30 (full 3):
 PSYoungGen      total 22528K, used 18944K [0x00000000eab00000, 0x00000000ec500000, 0x0000000100000000)
  eden space 18944K, 100% used [0x00000000eab00000,0x00000000ebd80000,0x00000000ebd80000)
  from space 3584K, 0% used [0x00000000ec180000,0x00000000ec180000,0x00000000ec500000)
  to   space 3584K, 0% used [0x00000000ebe00000,0x00000000ebe00000,0x00000000ec180000)
 ParOldGen       total 68608K, used 43986K [0x00000000c0000000, 0x00000000c4300000, 0x00000000eab00000)
  object space 68608K, 64% used [0x00000000c0000000,0x00000000c2af4970,0x00000000c4300000)
 Metaspace       used 59772K, committed 60800K, reserved 1114112K
  class space    used 6744K, committed 7232K, reserved 1048576K
}
Event: 37.491 GC heap after
{Heap after GC invocations=30 (full 3):
 PSYoungGen      total 19968K, used 704K [0x00000000eab00000, 0x00000000ec200000, 0x0000000100000000)
  eden space 18944K, 0% used [0x00000000eab00000,0x00000000eab00000,0x00000000ebd80000)
  from space 1024K, 68% used [0x00000000ebe00000,0x00000000ebeb0000,0x00000000ebf00000)
  to   space 2048K, 0% used [0x00000000ec000000,0x00000000ec000000,0x00000000ec200000)
 ParOldGen       total 68608K, used 43994K [0x00000000c0000000, 0x00000000c4300000, 0x00000000eab00000)
  object space 68608K, 64% used [0x00000000c0000000,0x00000000c2af6970,0x00000000c4300000)
 Metaspace       used 59772K, committed 60800K, reserved 1114112K
  class space    used 6744K, committed 7232K, reserved 1048576K
}
Event: 44.173 GC heap before
{Heap before GC invocations=31 (full 3):
 PSYoungGen      total 19968K, used 19648K [0x00000000eab00000, 0x00000000ec200000, 0x0000000100000000)
  eden space 18944K, 100% used [0x00000000eab00000,0x00000000ebd80000,0x00000000ebd80000)
  from space 1024K, 68% used [0x00000000ebe00000,0x00000000ebeb0000,0x00000000ebf00000)
  to   space 2048K, 0% used [0x00000000ec000000,0x00000000ec000000,0x00000000ec200000)
 ParOldGen       total 68608K, used 43994K [0x00000000c0000000, 0x00000000c4300000, 0x00000000eab00000)
  object space 68608K, 64% used [0x00000000c0000000,0x00000000c2af6970,0x00000000c4300000)
 Metaspace       used 59792K, committed 60864K, reserved 1114112K
  class space    used 6744K, committed 7232K, reserved 1048576K
}
Event: 44.175 GC heap after
{Heap after GC invocations=31 (full 3):
 PSYoungGen      total 18944K, used 2019K [0x00000000eab00000, 0x00000000ec680000, 0x0000000100000000)
  eden space 16896K, 0% used [0x00000000eab00000,0x00000000eab00000,0x00000000ebb80000)
  from space 2048K, 98% used [0x00000000ec000000,0x00000000ec1f8cc8,0x00000000ec200000)
  to   space 4608K, 0% used [0x00000000ebb80000,0x00000000ebb80000,0x00000000ec000000)
 ParOldGen       total 68608K, used 45637K [0x00000000c0000000, 0x00000000c4300000, 0x00000000eab00000)
  object space 68608K, 66% used [0x00000000c0000000,0x00000000c2c91668,0x00000000c4300000)
 Metaspace       used 59792K, committed 60864K, reserved 1114112K
  class space    used 6744K, committed 7232K, reserved 1048576K
}

